{"level":"info","message":"GET / 404 1ms"}
{"level":"info","message":"GET /api 200 1ms"}
{"level":"info","message":"GET /api/hello 200 1ms"}
{"level":"info","message":"GET / 404 2ms"}
{"level":"info","message":"GET /favicon.ico 404 0ms"}
{"level":"info","message":"GET / 404 3ms"}
{"level":"info","message":"GET /favicon.ico 404 0ms"}
{"level":"info","message":"GET /api 200 4ms"}
{"level":"info","message":"GET / 404 2ms"}
{"level":"info","message":"GET /api 200 2ms"}
{"level":"info","message":"GET /api/createUser 404 5ms"}
{"level":"info","message":"GET /api/allUser 404 0ms"}
{"level":"info","message":"GET /api/allUsers 404 1ms"}
{"level":"info","message":"GET /api/allUsers 404 5ms"}
{"level":"info","message":"GET /api/allUsers 404 5ms"}
{"level":"info","message":"GET /api/allUsers 404 4ms"}
{"level":"info","message":"GET /api/allUsers 404 5ms"}
{"level":"info","message":"GET /api/allUsers 404 5ms"}
{"level":"info","message":"GET /api/allUsers 404 1ms"}
{"level":"info","message":"GET /api/allUsers 404 5ms"}
{"level":"info","message":"GET /api/allUsers 404 5ms"}
{"level":"info","message":"GET /api/allUsers 404 4ms"}
{"level":"info","message":"GET /api/allUsers 404 4ms"}
{"level":"info","message":"GET /api/allUsers 404 4ms"}
{"level":"info","message":"GET /api/allUsers 404 4ms"}
